<?xml version="1.0" encoding="UTF-8"?>
<!-- Generated by org.testng.reporters.JUnitReportReporter -->
<testsuite skipped="0" hostname="LAPTOP-BN29ITIL" name="sampath.DocsTestCase" tests="1" failures="0" timestamp="06 Nov 2018 12:44:42 GMT" time="38.238" errors="0">
  <testcase name="Docs" time="38.238" classname="sampath.DocsTestCase"/>
</testsuite> <!-- sampath.DocsTestCase -->
